<?xml version="1.0" encoding="UTF-8"?>
<!-- Generated by org.testng.reporters.JUnitReportReporter -->
<testsuite skipped="0" hostname="ADMIN-PC" name="testcases.TC006_DeleteLead" tests="1" failures="0" timestamp="10 May 2018 05:39:45 GMT" time="22.649" errors="0">
  <testcase name="loginAndLogout" time="22.649" classname="testcases.TC006_DeleteLead"/>
</testsuite> <!-- testcases.TC006_DeleteLead -->
