<?xml version="1.0" encoding="UTF-8"?>
<!-- Generated by org.testng.reporters.JUnitReportReporter -->
<testsuite skipped="0" hostname="ADMIN-PC" name="testcases.TC004_EditLead" tests="1" failures="0" timestamp="07 May 2018 18:52:40 GMT" time="26.692" errors="0">
  <testcase name="loginAndLogout" time="26.692" classname="testcases.TC004_EditLead"/>
</testsuite> <!-- testcases.TC004_EditLead -->
