<?xml version="1.0" encoding="UTF-8"?>
<!-- Generated by org.testng.reporters.JUnitReportReporter -->
<testsuite skipped="0" hostname="ADMIN-PC" name="testcases.TC005_MergeLead" tests="1" failures="0" timestamp="12 May 2018 02:59:16 GMT" time="27.013" errors="0">
  <testcase name="loginAndLogout" time="27.013" classname="testcases.TC005_MergeLead"/>
</testsuite> <!-- testcases.TC005_MergeLead -->
