<?xml version="1.0" encoding="UTF-8"?>
<!-- Generated by org.testng.reporters.JUnitReportReporter -->
<testsuite skipped="0" hostname="ADMIN-PC" name="testcases.TC007_PayPal" tests="1" failures="0" timestamp="27 May 2018 14:20:37 GMT" time="32.526" errors="0">
  <testcase name="SignUp" time="32.526" classname="testcases.TC007_PayPal"/>
</testsuite> <!-- testcases.TC007_PayPal -->
