<?xml version="1.0" encoding="UTF-8"?>
<!-- Generated by org.testng.reporters.JUnitReportReporter -->
<testsuite skipped="0" hostname="ADMIN-PC" name="testcases.TC003_CreateLead" tests="2" failures="0" timestamp="20 May 2018 05:45:39 GMT" time="34.717" errors="0">
  <testcase name="loginAndLogout" time="15.459" classname="testcases.TC003_CreateLead"/>
  <testcase name="loginAndLogout" time="19.258" classname="testcases.TC003_CreateLead"/>
</testsuite> <!-- testcases.TC003_CreateLead -->
